<?xml version="1.0" encoding="UTF-8"?>
<!-- Generated by org.testng.reporters.JUnitXMLReporter -->
<testsuite hostname="BLRCND52101547" ignored="0" name="Test" tests="4" failures="0" timestamp="2020-12-22T21:08:06 IST" time="79.832" errors="0">
  <testcase name="PageTitle" time="0.117" classname="Academy.validateNavigationBar"/>
  <testcase name="basePageNavaigation" time="25.342" classname="Academy.HomePage"/>
  <testcase name="basePageNavaigation" time="3.947" classname="Academy.HomePage"/>
  <testcase name="PageTitle" time="0.048" classname="Academy.validateTitle"/>
</testsuite> <!-- Test -->
