-------------------------------------------------------------------------------
Test set: TestSuite
-------------------------------------------------------------------------------
Tests run: 5, Failures: 1, Errors: 0, Skipped: 0, Time elapsed: 34.595 s <<< FAILURE! - in TestSuite
validatePageTitle(Academy.validateTitle)  Time elapsed: 0.829 s  <<< FAILURE!
java.lang.AssertionError: expected [FEATURED 123COURSES] but found [FEATURED COURSES]
	at Academy.validateTitle.validatePageTitle(validateTitle.java:35)

