<?xml version="1.0" encoding="UTF-8"?>
<testsuite xmlns:xsi="http://www.w3.org/2001/XMLSchema-instance" xsi:noNamespaceSchemaLocation="https://maven.apache.org/surefire/maven-surefire-plugin/xsd/surefire-test-report.xsd" name="TestSuite" time="34.595" tests="5" errors="0" skipped="0" failures="1">
  <properties>
[...]
</properties>
  <testcase name="validateHeaderTitle" classname="Academy.validateTitle" time="0.076"/>
  <testcase name="validatePageTitle" classname="Academy.validateTitle" time="0.829">
    <failure message="expected [FEATURED 123COURSES] but found [FEATURED COURSES]" type="java.lang.AssertionError">java.lang.AssertionError: expected [FEATURED 123COURSES] but found [FEATURED COURSES]
	at Academy.validateTitle.validatePageTitle(validateTitle.java:35)
</failure>
  </testcase>
  <testcase name="valiadeNavigatebar" classname="Academy.validateNavigationBar" time="0.306"/>
  <testcase name="basePageNavaigation" classname="Academy.HomePage" time="3.785"/>
  <testcase name="basePageNavaigation" classname="Academy.HomePage" time="3.286"/>
</testsuite>