<?xml version="1.0" encoding="UTF-8"?>
<testng-results ignored="0" total="2" passed="2" failed="0" skipped="0">
  <reporter-output>
  </reporter-output>
  <suite started-at="2020-12-23T12:49:24 IST" name="Default suite" finished-at="2020-12-23T12:49:44 IST" duration-ms="19868">
    <groups>
    </groups>
    <test started-at="2020-12-23T12:49:24 IST" name="Default test" finished-at="2020-12-23T12:49:44 IST" duration-ms="19868">
      <class name="Academy.HomePage">
        <test-method is-config="true" signature="initialize()[pri:0, instance:Academy.HomePage@4b79ac84]" started-at="2020-12-23T12:49:24 IST" name="initialize" finished-at="2020-12-23T12:49:28 IST" duration-ms="3983" status="PASS">
          <reporter-output>
          </reporter-output>
        </test-method> <!-- initialize -->
        <test-method signature="basePageNavaigation(java.lang.String, java.lang.String, java.lang.String)[pri:0, instance:Academy.HomePage@4b79ac84]" started-at="2020-12-23T12:49:28 IST" name="basePageNavaigation" data-provider="getData" finished-at="2020-12-23T12:49:40 IST" duration-ms="11489" status="PASS">
          <params>
            <param index="0">
              <value>
                <![CDATA[hello@gmail.com]]>
              </value>
            </param>
            <param index="1">
              <value>
                <![CDATA[abcd]]>
              </value>
            </param>
            <param index="2">
              <value>
                <![CDATA[restricted user]]>
              </value>
            </param>
          </params>
          <reporter-output>
          </reporter-output>
        </test-method> <!-- basePageNavaigation -->
        <test-method signature="basePageNavaigation(java.lang.String, java.lang.String, java.lang.String)[pri:0, instance:Academy.HomePage@4b79ac84]" started-at="2020-12-23T12:49:40 IST" name="basePageNavaigation" data-provider="getData" finished-at="2020-12-23T12:49:44 IST" duration-ms="4036" status="PASS">
          <params>
            <param index="0">
              <value>
                <![CDATA[akshatha@gmail.com]]>
              </value>
            </param>
            <param index="1">
              <value>
                <![CDATA[123abc]]>
              </value>
            </param>
            <param index="2">
              <value>
                <![CDATA[nonrestricted user]]>
              </value>
            </param>
          </params>
          <reporter-output>
          </reporter-output>
        </test-method> <!-- basePageNavaigation -->
        <test-method is-config="true" signature="closebrowser()[pri:0, instance:Academy.HomePage@4b79ac84]" started-at="2020-12-23T12:49:44 IST" name="closebrowser" finished-at="2020-12-23T12:49:44 IST" duration-ms="311" status="PASS">
          <reporter-output>
          </reporter-output>
        </test-method> <!-- closebrowser -->
      </class> <!-- Academy.HomePage -->
    </test> <!-- Default test -->
  </suite> <!-- Default suite -->
</testng-results>
